Finished  1 generation in  228.6799397468567 seconds!
Finished  2 generation in  229.4906587600708 seconds!
Finished  3 generation in  229.543518781662 seconds!
Finished  4 generation in  229.45423769950867 seconds!
Finished  5 generation in  229.40956473350525 seconds!
Finished  6 generation in  229.5944311618805 seconds!
Finished  7 generation in  229.58312606811523 seconds!
Finished  8 generation in  229.22543168067932 seconds!
Finished  9 generation in  62.19204783439636 seconds!
Finished  10 generation in  11.464881181716919 seconds!
Finished  11 generation in  62.086225509643555 seconds!
Finished  12 generation in  43.94501996040344 seconds!
Finished  13 generation in  57.368525981903076 seconds!
Finished  14 generation in  57.37756562232971 seconds!
Finished  15 generation in  37.75457501411438 seconds!
Finished  16 generation in  37.7025671005249 seconds!
Finished  17 generation in  37.6867573261261 seconds!
Finished  18 generation in  37.705992460250854 seconds!
Finished  19 generation in  34.67050266265869 seconds!
Finished  20 generation in  34.63231897354126 seconds!
Finished  21 generation in  34.656797885894775 seconds!
Finished  22 generation in  34.68568730354309 seconds!
Finished  23 generation in  34.69578671455383 seconds!
Finished  24 generation in  34.70159959793091 seconds!
Finished  25 generation in  34.79383325576782 seconds!
Finished  26 generation in  74.31046748161316 seconds!
Finished  27 generation in  74.59736919403076 seconds!
Finished  28 generation in  74.80953788757324 seconds!
Finished  29 generation in  37.58364772796631 seconds!
Finished  30 generation in  50.28237533569336 seconds!
Finished  31 generation in  74.78136110305786 seconds!
Finished  32 generation in  74.86229205131531 seconds!
Finished  33 generation in  63.49288988113403 seconds!
Finished  34 generation in  33.456950664520264 seconds!
Finished  35 generation in  59.56113624572754 seconds!
Finished  36 generation in  74.81435680389404 seconds!
Finished  37 generation in  75.13219451904297 seconds!
Finished  38 generation in  75.18309903144836 seconds!
Finished  39 generation in  75.19032621383667 seconds!
Finished  40 generation in  75.38282775878906 seconds!
Finished  41 generation in  75.41135215759277 seconds!
Finished  42 generation in  75.36730861663818 seconds!
Finished  43 generation in  75.47718548774719 seconds!
Finished  44 generation in  75.3260715007782 seconds!
Finished  45 generation in  75.02816033363342 seconds!
Finished  46 generation in  76.02086162567139 seconds!
Finished  47 generation in  76.0088038444519 seconds!
Finished  48 generation in  41.89894247055054 seconds!
Finished  49 generation in  85.26809763908386 seconds!
Finished  50 generation in  75.76906847953796 seconds!
Finished  51 generation in  75.81226110458374 seconds!
Finished  52 generation in  75.73880553245544 seconds!
Finished  53 generation in  81.05986905097961 seconds!
Finished  54 generation in  80.96539044380188 seconds!
Finished  55 generation in  81.20858216285706 seconds!
Finished  56 generation in  78.50823044776917 seconds!
Finished  57 generation in  79.21550464630127 seconds!
Finished  58 generation in  79.13432002067566 seconds!
Finished  59 generation in  79.2488145828247 seconds!
Finished  60 generation in  79.2670636177063 seconds!
Finished  61 generation in  79.27954983711243 seconds!
Finished  62 generation in  79.09236717224121 seconds!
Finished  63 generation in  41.40776252746582 seconds!
Finished  64 generation in  92.29282975196838 seconds!
Finished  65 generation in  79.26982498168945 seconds!
Finished  66 generation in  79.76135993003845 seconds!
Finished  67 generation in  79.45175957679749 seconds!
Finished  68 generation in  79.16806316375732 seconds!
Finished  69 generation in  79.26554489135742 seconds!
Finished  70 generation in  79.30679392814636 seconds!
Finished  71 generation in  86.77277374267578 seconds!
Finished  72 generation in  87.07197952270508 seconds!
Finished  73 generation in  87.20599603652954 seconds!
Finished  74 generation in  86.88671064376831 seconds!
Finished  75 generation in  89.77425742149353 seconds!
Finished  76 generation in  89.83394360542297 seconds!
Finished  77 generation in  90.83457922935486 seconds!
Finished  78 generation in  90.80258202552795 seconds!
Finished  79 generation in  85.71669697761536 seconds!
Finished  80 generation in  46.2000412940979 seconds!
Finished  81 generation in  87.12354588508606 seconds!
Finished  82 generation in  86.62146067619324 seconds!
Finished  83 generation in  72.28952646255493 seconds!
Finished  84 generation in  72.22882294654846 seconds!
Finished  85 generation in  46.17129898071289 seconds!
Finished  86 generation in  72.22991633415222 seconds!
Finished  87 generation in  72.18013763427734 seconds!
Finished  88 generation in  72.21816873550415 seconds!
Finished  89 generation in  72.2562141418457 seconds!
Finished  90 generation in  72.24670147895813 seconds!
Finished  91 generation in  72.2504460811615 seconds!
Finished  92 generation in  72.19849061965942 seconds!
Finished  93 generation in  43.559473514556885 seconds!
Finished  94 generation in  72.1886248588562 seconds!
Finished  95 generation in  59.758885860443115 seconds!
Finished  96 generation in  59.74834752082825 seconds!
Finished  97 generation in  59.66253304481506 seconds!
Finished  98 generation in  59.728551387786865 seconds!
Finished  99 generation in  59.768449544906616 seconds!
Finished  100 generation in  59.73755478858948 seconds!
Finished  101 generation in  59.7422091960907 seconds!
Finished  102 generation in  70.84240770339966 seconds!
Finished  103 generation in  59.79455494880676 seconds!
Finished  104 generation in  23.174757957458496 seconds!
Finished  105 generation in  23.176477432250977 seconds!
Finished  106 generation in  23.16571879386902 seconds!
Finished  107 generation in  23.165216207504272 seconds!
Finished  108 generation in  16.300499200820923 seconds!
Finished  109 generation in  16.425719261169434 seconds!
Finished  110 generation in  16.428914070129395 seconds!
Finished  111 generation in  16.431495904922485 seconds!
Finished  112 generation in  17.35950779914856 seconds!
Finished  113 generation in  17.34142565727234 seconds!
Finished  114 generation in  17.360345125198364 seconds!
Finished  115 generation in  17.339375257492065 seconds!
Finished  116 generation in  17.319060564041138 seconds!
Finished  117 generation in  17.363579034805298 seconds!
Finished  118 generation in  17.337846040725708 seconds!
Finished  119 generation in  15.793018817901611 seconds!
Finished  120 generation in  17.336492776870728 seconds!
Finished  121 generation in  17.229037523269653 seconds!
Finished  122 generation in  17.112568378448486 seconds!
Finished  123 generation in  17.050560474395752 seconds!
Finished  124 generation in  17.041897773742676 seconds!
Finished  125 generation in  17.06032419204712 seconds!
Finished  126 generation in  17.059752702713013 seconds!
Finished  127 generation in  17.06328535079956 seconds!
Finished  128 generation in  21.961561679840088 seconds!
Finished  129 generation in  21.944075345993042 seconds!
Finished  130 generation in  22.05415105819702 seconds!
Finished  131 generation in  26.934744596481323 seconds!
Finished  132 generation in  26.870300769805908 seconds!
Finished  133 generation in  26.88312315940857 seconds!
Finished  134 generation in  29.257149934768677 seconds!
Finished  135 generation in  20.319079399108887 seconds!
Finished  136 generation in  30.550360679626465 seconds!
Finished  137 generation in  30.535211086273193 seconds!
Finished  138 generation in  30.529416799545288 seconds!
Finished  139 generation in  30.50858974456787 seconds!
Finished  140 generation in  30.51141905784607 seconds!
Finished  141 generation in  30.488433361053467 seconds!
Finished  142 generation in  30.505107402801514 seconds!
Finished  143 generation in  30.467961072921753 seconds!
Finished  144 generation in  30.50092625617981 seconds!
Finished  145 generation in  29.14978837966919 seconds!
Finished  146 generation in  29.13644790649414 seconds!
Finished  147 generation in  30.19783926010132 seconds!
Finished  148 generation in  30.146912336349487 seconds!
Finished  149 generation in  30.191463232040405 seconds!
Finished  150 generation in  14.507850408554077 seconds!
Finished  151 generation in  34.862016677856445 seconds!
Finished  152 generation in  34.874141693115234 seconds!
Finished  153 generation in  26.668794870376587 seconds!
Finished  154 generation in  19.167034149169922 seconds!
Finished  155 generation in  34.88279676437378 seconds!
Finished  156 generation in  34.72459053993225 seconds!
Finished  157 generation in  38.86645483970642 seconds!
Finished  158 generation in  38.909045934677124 seconds!
Finished  159 generation in  38.867260217666626 seconds!
Finished  160 generation in  17.167509078979492 seconds!
Finished  161 generation in  38.90431094169617 seconds!
Finished  162 generation in  38.904608726501465 seconds!
Finished  163 generation in  38.87392616271973 seconds!
Finished  164 generation in  32.309241771698 seconds!
Finished  165 generation in  32.32771158218384 seconds!
Finished  166 generation in  32.366700172424316 seconds!
Finished  167 generation in  32.3121817111969 seconds!
Finished  168 generation in  54.76796340942383 seconds!
Finished  169 generation in  34.294578552246094 seconds!
Finished  170 generation in  68.77410936355591 seconds!
Finished  171 generation in  68.64386534690857 seconds!
Finished  172 generation in  96.04307198524475 seconds!
Finished  173 generation in  95.75096082687378 seconds!
Finished  174 generation in  81.07438468933105 seconds!
Finished  175 generation in  96.94797158241272 seconds!
Finished  176 generation in  96.65277481079102 seconds!
Finished  177 generation in  96.7222363948822 seconds!
Finished  178 generation in  82.16273665428162 seconds!
Finished  179 generation in  96.49474835395813 seconds!
Finished  180 generation in  96.60621190071106 seconds!
Finished  181 generation in  96.629709482193 seconds!
Finished  182 generation in  96.27354836463928 seconds!
Finished  183 generation in  93.0501115322113 seconds!
Finished  184 generation in  96.36891555786133 seconds!
Finished  185 generation in  96.50925850868225 seconds!
Finished  186 generation in  96.5540566444397 seconds!
Finished  187 generation in  96.55244255065918 seconds!
Finished  188 generation in  96.62585949897766 seconds!
Finished  189 generation in  104.46574640274048 seconds!
Finished  190 generation in  104.26633405685425 seconds!
Finished  191 generation in  104.29820418357849 seconds!
Finished  192 generation in  104.2399218082428 seconds!
Finished  193 generation in  108.44755911827087 seconds!
Finished  194 generation in  108.37621474266052 seconds!
Finished  195 generation in  113.18948793411255 seconds!
Finished  196 generation in  98.74639701843262 seconds!
Finished  197 generation in  98.83353757858276 seconds!
Finished  198 generation in  108.43712258338928 seconds!
Finished  199 generation in  98.65654444694519 seconds!
Finished  200 generation in  98.56676912307739 seconds!
Finished  201 generation in  90.79088568687439 seconds!
Finished  202 generation in  90.77198886871338 seconds!
Finished  203 generation in  86.62913823127747 seconds!
Finished  204 generation in  79.20753026008606 seconds!
Finished  205 generation in  79.11583924293518 seconds!
Finished  206 generation in  89.38777661323547 seconds!
Finished  207 generation in  79.2759485244751 seconds!
Finished  208 generation in  79.37742280960083 seconds!
Finished  209 generation in  79.21892857551575 seconds!
Finished  210 generation in  110.49501657485962 seconds!
Finished  211 generation in  79.26666522026062 seconds!
Finished  212 generation in  79.23544955253601 seconds!
Finished  213 generation in  79.18358707427979 seconds!
Finished  214 generation in  79.24145317077637 seconds!
Finished  215 generation in  79.2329969406128 seconds!
Finished  216 generation in  79.3620958328247 seconds!
Finished  217 generation in  79.4202470779419 seconds!
Finished  218 generation in  156.78075098991394 seconds!
Finished  219 generation in  157.79910683631897 seconds!
Finished  220 generation in  157.8262176513672 seconds!
Finished  221 generation in  157.83876013755798 seconds!
Finished  222 generation in  218.77319955825806 seconds!
Finished  223 generation in  218.6946337223053 seconds!
Finished  224 generation in  218.70240092277527 seconds!
Finished  225 generation in  218.80917358398438 seconds!
Finished  226 generation in  218.81390237808228 seconds!
Finished  227 generation in  218.84960532188416 seconds!
Finished  228 generation in  218.83902955055237 seconds!
Finished  229 generation in  167.39911556243896 seconds!
Finished  230 generation in  166.8138132095337 seconds!
Finished  231 generation in  166.49494886398315 seconds!
Finished  232 generation in  119.74280858039856 seconds!
Finished  233 generation in  192.58182287216187 seconds!
Finished  234 generation in  192.6841914653778 seconds!
Finished  235 generation in  151.64601230621338 seconds!
Finished  236 generation in  152.72665524482727 seconds!
Finished  237 generation in  148.00700640678406 seconds!
Finished  238 generation in  147.78687500953674 seconds!
Finished  239 generation in  147.9450204372406 seconds!
Finished  240 generation in  193.66128635406494 seconds!
Finished  241 generation in  203.09187197685242 seconds!
Finished  242 generation in  273.00611758232117 seconds!
Finished  243 generation in  203.8960154056549 seconds!
Finished  244 generation in  219.70286679267883 seconds!
Finished  245 generation in  219.43293046951294 seconds!
Finished  246 generation in  219.24162602424622 seconds!
Finished  247 generation in  218.185072183609 seconds!
Finished  248 generation in  218.22529315948486 seconds!
Finished  249 generation in  218.29571771621704 seconds!
Finished  250 generation in  214.84293174743652 seconds!
Finished  251 generation in  218.06485867500305 seconds!
Finished  252 generation in  218.37373876571655 seconds!
Finished  253 generation in  217.96087980270386 seconds!
Finished  254 generation in  217.91057538986206 seconds!
Finished  255 generation in  217.91632676124573 seconds!
Finished  256 generation in  217.85265040397644 seconds!
Finished  257 generation in  217.8606297969818 seconds!
Finished  258 generation in  218.02206373214722 seconds!
Finished  259 generation in  220.01366710662842 seconds!
Finished  260 generation in  220.0346760749817 seconds!
Finished  261 generation in  219.8755977153778 seconds!
Finished  262 generation in  220.22520565986633 seconds!
Finished  263 generation in  220.03863644599915 seconds!
Finished  264 generation in  219.99344897270203 seconds!
Finished  265 generation in  94.66715788841248 seconds!
Finished  266 generation in  219.8841996192932 seconds!
Finished  267 generation in  99.94195938110352 seconds!
Finished  268 generation in  220.01894092559814 seconds!
Finished  269 generation in  220.42026805877686 seconds!
Finished  270 generation in  220.5114939212799 seconds!
Finished  271 generation in  213.76621842384338 seconds!
Finished  272 generation in  213.74100875854492 seconds!
Finished  273 generation in  213.83015632629395 seconds!
Finished  274 generation in  213.85624241828918 seconds!
Finished  275 generation in  142.6150164604187 seconds!
Finished  276 generation in  207.3277268409729 seconds!
Finished  277 generation in  213.83953666687012 seconds!
Finished  278 generation in  196.17915034294128 seconds!
Finished  279 generation in  196.1131649017334 seconds!
Finished  280 generation in  190.76077461242676 seconds!
Finished  281 generation in  190.78373408317566 seconds!
Finished  282 generation in  131.2562291622162 seconds!
Finished  283 generation in  190.55858278274536 seconds!
Finished  284 generation in  190.2452371120453 seconds!
Finished  285 generation in  190.00624132156372 seconds!
Finished  286 generation in  82.57004117965698 seconds!
Finished  287 generation in  189.97292351722717 seconds!
Finished  288 generation in  190.06785702705383 seconds!
Finished  289 generation in  190.09000158309937 seconds!
Finished  290 generation in  190.32798409461975 seconds!
Finished  291 generation in  85.60974836349487 seconds!
Finished  292 generation in  195.15703320503235 seconds!
Finished  293 generation in  195.30629348754883 seconds!
Finished  294 generation in  186.24699664115906 seconds!
Finished  295 generation in  182.09525179862976 seconds!
Finished  296 generation in  181.9737584590912 seconds!
Finished  297 generation in  181.94483923912048 seconds!
Finished  298 generation in  182.05874061584473 seconds!
Finished  299 generation in  110.73167967796326 seconds!
Finished  300 generation in  110.56822848320007 seconds!
Finished  301 generation in  114.05105376243591 seconds!
Finished  302 generation in  132.39817786216736 seconds!
Finished  303 generation in  114.05052375793457 seconds!
Finished  304 generation in  113.99457716941833 seconds!
Finished  305 generation in  114.02775430679321 seconds!
Finished  306 generation in  113.88588881492615 seconds!
Finished  307 generation in  139.28899550437927 seconds!
Finished  308 generation in  113.69954800605774 seconds!
Finished  309 generation in  174.28376078605652 seconds!
Finished  310 generation in  60.75381517410278 seconds!
Finished  311 generation in  174.22657585144043 seconds!
Finished  312 generation in  174.3442690372467 seconds!
Finished  313 generation in  76.86334681510925 seconds!
Finished  314 generation in  174.21963596343994 seconds!
Finished  315 generation in  174.34598970413208 seconds!
Finished  316 generation in  174.42266702651978 seconds!
Finished  317 generation in  121.08837342262268 seconds!
Finished  318 generation in  174.37614059448242 seconds!
Finished  319 generation in  180.04842877388 seconds!
Finished  320 generation in  93.80958867073059 seconds!
Finished  321 generation in  174.94249200820923 seconds!
Finished  322 generation in  189.0946340560913 seconds!
Finished  323 generation in  189.2581808567047 seconds!
Finished  324 generation in  189.0689721107483 seconds!
Finished  325 generation in  192.87566375732422 seconds!
Finished  326 generation in  192.9133243560791 seconds!
Finished  327 generation in  192.74348545074463 seconds!
Finished  328 generation in  192.7538869380951 seconds!
Finished  329 generation in  192.77055525779724 seconds!
Finished  330 generation in  129.59303069114685 seconds!
Finished  331 generation in  190.23330950737 seconds!
Finished  332 generation in  85.38946652412415 seconds!
Finished  333 generation in  192.7366874217987 seconds!
Finished  334 generation in  193.13608384132385 seconds!
Finished  335 generation in  193.22348999977112 seconds!
Finished  336 generation in  193.39630889892578 seconds!
Finished  337 generation in  198.15519976615906 seconds!
Finished  338 generation in  203.35246062278748 seconds!
Finished  339 generation in  212.70601654052734 seconds!
Finished  340 generation in  212.75471234321594 seconds!
Finished  341 generation in  207.4887557029724 seconds!
Finished  342 generation in  207.88735246658325 seconds!
Finished  343 generation in  208.37497568130493 seconds!
Finished  344 generation in  252.16021609306335 seconds!
Finished  345 generation in  252.1495270729065 seconds!
Finished  346 generation in  142.3166856765747 seconds!
Finished  347 generation in  252.2558901309967 seconds!
Finished  348 generation in  252.208562374115 seconds!
Finished  349 generation in  252.52331638336182 seconds!
Finished  350 generation in  252.30849647521973 seconds!
Finished  351 generation in  242.20132160186768 seconds!
Finished  352 generation in  242.37909841537476 seconds!
Finished  353 generation in  44.53007793426514 seconds!
Finished  354 generation in  100.92711925506592 seconds!
Finished  355 generation in  242.02936816215515 seconds!
Finished  356 generation in  242.25989770889282 seconds!
Finished  357 generation in  241.90273904800415 seconds!
Finished  358 generation in  242.15649819374084 seconds!
Finished  359 generation in  243.1375458240509 seconds!
Finished  360 generation in  234.6184539794922 seconds!
Finished  361 generation in  234.61377811431885 seconds!
Finished  362 generation in  234.43004965782166 seconds!
Finished  363 generation in  234.61851143836975 seconds!
Finished  364 generation in  234.40364027023315 seconds!
Finished  365 generation in  234.41616559028625 seconds!
Finished  366 generation in  234.4170126914978 seconds!
Finished  367 generation in  234.5237033367157 seconds!
Finished  368 generation in  171.11506915092468 seconds!
Finished  369 generation in  234.04023671150208 seconds!
Finished  370 generation in  234.5281858444214 seconds!
Finished  371 generation in  234.41980838775635 seconds!
Finished  372 generation in  234.54116439819336 seconds!
Finished  373 generation in  298.1569290161133 seconds!
Finished  374 generation in  234.5791437625885 seconds!
Finished  375 generation in  220.8615939617157 seconds!
Finished  376 generation in  234.3269031047821 seconds!
Finished  377 generation in  238.92343068122864 seconds!
Finished  378 generation in  238.85714554786682 seconds!
Finished  379 generation in  245.39711165428162 seconds!
Finished  380 generation in  238.81743216514587 seconds!
Finished  381 generation in  238.952152967453 seconds!
Finished  382 generation in  229.1564748287201 seconds!
Finished  383 generation in  229.13937783241272 seconds!
Finished  384 generation in  269.08955430984497 seconds!
Finished  385 generation in  137.78293013572693 seconds!
Finished  386 generation in  229.2668080329895 seconds!
Finished  387 generation in  179.76464343070984 seconds!
Finished  388 generation in  229.40014624595642 seconds!
Finished  389 generation in  181.68833994865417 seconds!
Finished  390 generation in  229.46091628074646 seconds!
Finished  391 generation in  336.715487241745 seconds!
Finished  392 generation in  162.47363305091858 seconds!
Finished  393 generation in  163.3783242702484 seconds!
Finished  394 generation in  162.9954788684845 seconds!
Finished  395 generation in  160.8001754283905 seconds!
Finished  396 generation in  160.7612771987915 seconds!
Finished  397 generation in  160.71401929855347 seconds!
Finished  398 generation in  160.60347867012024 seconds!
Finished  399 generation in  160.69340634346008 seconds!
Finished  400 generation in  160.52260303497314 seconds!
Finished  401 generation in  160.46138048171997 seconds!
Finished  402 generation in  101.42634510993958 seconds!
Finished  403 generation in  160.5294816493988 seconds!
Finished  404 generation in  160.73277497291565 seconds!
Finished  405 generation in  113.33282113075256 seconds!
Finished  406 generation in  161.08418703079224 seconds!
Finished  407 generation in  160.91981506347656 seconds!
Finished  408 generation in  161.12073421478271 seconds!
Finished  409 generation in  161.2703309059143 seconds!
Finished  410 generation in  161.42604184150696 seconds!
Finished  411 generation in  161.3367726802826 seconds!
Finished  412 generation in  161.28954029083252 seconds!
Finished  413 generation in  84.82262396812439 seconds!
Finished  414 generation in  160.71362972259521 seconds!
Finished  415 generation in  160.8013880252838 seconds!
Finished  416 generation in  160.85190677642822 seconds!
Finished  417 generation in  160.74022388458252 seconds!
Finished  418 generation in  72.49926257133484 seconds!
Finished  419 generation in  130.2489709854126 seconds!
Finished  420 generation in  122.08382081985474 seconds!
Finished  421 generation in  130.2855839729309 seconds!
Finished  422 generation in  129.64096593856812 seconds!
Finished  423 generation in  121.72079038619995 seconds!
Finished  424 generation in  121.58501172065735 seconds!
Finished  425 generation in  121.44456815719604 seconds!
Finished  426 generation in  121.46361231803894 seconds!
Finished  427 generation in  121.51458811759949 seconds!
Finished  428 generation in  121.46384143829346 seconds!
Finished  429 generation in  113.56548023223877 seconds!
Finished  430 generation in  113.52860832214355 seconds!
Finished  431 generation in  113.5310652256012 seconds!
Finished  432 generation in  113.49285078048706 seconds!
Finished  433 generation in  113.46888446807861 seconds!
Finished  434 generation in  114.41758799552917 seconds!
Finished  435 generation in  114.42715954780579 seconds!
Finished  436 generation in  131.34862613677979 seconds!
Finished  437 generation in  131.34593176841736 seconds!
Finished  438 generation in  104.5121157169342 seconds!
Finished  439 generation in  104.580406665802 seconds!
Finished  440 generation in  104.58562517166138 seconds!
Finished  441 generation in  104.54076766967773 seconds!
Finished  442 generation in  104.55728840827942 seconds!
Finished  443 generation in  51.86059617996216 seconds!
Finished  444 generation in  131.65918922424316 seconds!
Finished  445 generation in  104.57003998756409 seconds!
Finished  446 generation in  104.4760799407959 seconds!
Finished  447 generation in  104.56366086006165 seconds!
Finished  448 generation in  104.85625267028809 seconds!
Finished  449 generation in  104.83844709396362 seconds!
Finished  450 generation in  118.91108441352844 seconds!
Finished  451 generation in  141.86463618278503 seconds!
Finished  452 generation in  46.126868724823 seconds!
Finished  453 generation in  118.79172086715698 seconds!
Finished  454 generation in  210.25487613677979 seconds!
Finished  455 generation in  188.05871987342834 seconds!
Finished  456 generation in  188.15113306045532 seconds!
Finished  457 generation in  201.8848750591278 seconds!
Finished  458 generation in  202.39542388916016 seconds!
Finished  459 generation in  61.84598469734192 seconds!
Finished  460 generation in  202.22149801254272 seconds!
Finished  461 generation in  321.24642419815063 seconds!
Finished  462 generation in  202.833416223526 seconds!
Finished  463 generation in  202.23906326293945 seconds!
Finished  464 generation in  180.48572969436646 seconds!
Finished  465 generation in  180.48319268226624 seconds!
Finished  466 generation in  180.45471000671387 seconds!
Finished  467 generation in  179.65972709655762 seconds!
Finished  468 generation in  114.23820877075195 seconds!
Finished  469 generation in  179.4745490550995 seconds!
Finished  470 generation in  179.60330939292908 seconds!
Finished  471 generation in  181.6899712085724 seconds!
Finished  472 generation in  152.71784377098083 seconds!
Finished  473 generation in  181.5652105808258 seconds!
Finished  474 generation in  181.38846278190613 seconds!
Finished  475 generation in  173.0225613117218 seconds!
Finished  476 generation in  32.258575439453125 seconds!
Finished  477 generation in  160.39688205718994 seconds!
Finished  478 generation in  160.41704511642456 seconds!
Finished  479 generation in  160.4187355041504 seconds!
Finished  480 generation in  160.35465955734253 seconds!
Finished  481 generation in  165.57597708702087 seconds!
Finished  482 generation in  160.22975182533264 seconds!
Finished  483 generation in  160.17303228378296 seconds!
Finished  484 generation in  173.84518551826477 seconds!
Finished  485 generation in  175.02750444412231 seconds!
Finished  486 generation in  132.36197662353516 seconds!
Finished  487 generation in  132.30176711082458 seconds!
Finished  488 generation in  132.33555388450623 seconds!
Finished  489 generation in  158.39141988754272 seconds!
Finished  490 generation in  164.12893056869507 seconds!
Finished  491 generation in  164.2041244506836 seconds!
Finished  492 generation in  164.24971175193787 seconds!
Finished  493 generation in  164.27786421775818 seconds!
Finished  494 generation in  164.2372019290924 seconds!
Finished  495 generation in  149.1631498336792 seconds!
Finished  496 generation in  164.74062991142273 seconds!
Finished  497 generation in  164.62254428863525 seconds!
Finished  498 generation in  165.00219559669495 seconds!
Finished  499 generation in  165.3718400001526 seconds!
Finished  500 generation in  164.4973545074463 seconds!
Finished  1 generation in  50.43844413757324 seconds!
Finished  2 generation in  50.109379291534424 seconds!
Finished  3 generation in  50.09016489982605 seconds!
Finished  4 generation in  50.299097299575806 seconds!
Finished  5 generation in  50.34188795089722 seconds!
Finished  6 generation in  50.34431052207947 seconds!
Finished  7 generation in  50.3429229259491 seconds!
Finished  8 generation in  50.65676164627075 seconds!
Finished  9 generation in  50.61182951927185 seconds!
Finished  10 generation in  50.210131883621216 seconds!
Finished  11 generation in  50.16674518585205 seconds!
Finished  12 generation in  23.150997161865234 seconds!
Finished  13 generation in  50.18147802352905 seconds!
Finished  14 generation in  50.2085394859314 seconds!
Finished  15 generation in  50.208362102508545 seconds!
Finished  16 generation in  47.758415937423706 seconds!
Finished  17 generation in  47.76111936569214 seconds!
Finished  18 generation in  47.76146173477173 seconds!
Finished  19 generation in  47.790691614151 seconds!
Finished  20 generation in  47.789244651794434 seconds!
Finished  21 generation in  47.73186731338501 seconds!
Finished  22 generation in  47.73286437988281 seconds!
Finished  23 generation in  47.70977592468262 seconds!
Finished  24 generation in  47.717167377471924 seconds!
Finished  25 generation in  43.59908938407898 seconds!
Finished  26 generation in  43.62027716636658 seconds!
Finished  27 generation in  19.79974055290222 seconds!
Finished  28 generation in  43.8042688369751 seconds!
Finished  29 generation in  23.34464120864868 seconds!
Finished  30 generation in  43.718918800354004 seconds!
Finished  31 generation in  44.50701308250427 seconds!
Finished  32 generation in  34.80258274078369 seconds!
Finished  33 generation in  34.78915548324585 seconds!
Finished  34 generation in  34.79614543914795 seconds!
Finished  35 generation in  14.137738943099976 seconds!
Finished  36 generation in  41.999844551086426 seconds!
Finished  37 generation in  41.98822283744812 seconds!
Finished  38 generation in  42.01569628715515 seconds!
Finished  39 generation in  15.899837970733643 seconds!
Finished  40 generation in  42.00416874885559 seconds!
Finished  41 generation in  58.92338943481445 seconds!
Finished  42 generation in  68.17258191108704 seconds!
Finished  43 generation in  73.50662541389465 seconds!
Finished  44 generation in  73.48844647407532 seconds!
Finished  45 generation in  73.4968900680542 seconds!
Finished  46 generation in  73.48165655136108 seconds!
Finished  47 generation in  73.50248408317566 seconds!
Finished  48 generation in  29.34867262840271 seconds!
Finished  49 generation in  73.44259929656982 seconds!
Finished  50 generation in  73.41962385177612 seconds!
Finished  51 generation in  73.36994338035583 seconds!
Finished  52 generation in  73.35985779762268 seconds!
Finished  53 generation in  49.94340372085571 seconds!
Finished  54 generation in  73.32128143310547 seconds!
Finished  55 generation in  73.42276334762573 seconds!
Finished  56 generation in  73.45217108726501 seconds!
Finished  57 generation in  104.15921568870544 seconds!
Finished  58 generation in  75.00598406791687 seconds!
Finished  59 generation in  75.09254550933838 seconds!
Finished  60 generation in  74.67495703697205 seconds!
Finished  61 generation in  74.59497857093811 seconds!
Finished  62 generation in  35.031466245651245 seconds!
Finished  63 generation in  73.8142147064209 seconds!
Finished  64 generation in  73.78692317008972 seconds!
Finished  65 generation in  73.81956219673157 seconds!
Finished  66 generation in  64.38192224502563 seconds!
Finished  67 generation in  64.40115284919739 seconds!
Finished  68 generation in  64.3789165019989 seconds!
Finished  69 generation in  64.45390605926514 seconds!
Finished  70 generation in  64.46285104751587 seconds!
Finished  71 generation in  64.45715975761414 seconds!
Finished  72 generation in  64.57090067863464 seconds!
Finished  73 generation in  64.6307384967804 seconds!
Finished  74 generation in  64.5870611667633 seconds!
Finished  75 generation in  64.6868028640747 seconds!
Finished  76 generation in  64.81933856010437 seconds!
Finished  77 generation in  43.57021975517273 seconds!
Finished  78 generation in  43.59765934944153 seconds!
Finished  79 generation in  43.642462730407715 seconds!
Finished  80 generation in  43.67228293418884 seconds!
Finished  81 generation in  50.74228000640869 seconds!
Finished  82 generation in  50.897393226623535 seconds!
Finished  83 generation in  50.539939880371094 seconds!
Finished  84 generation in  50.55332803726196 seconds!
Finished  85 generation in  50.48857235908508 seconds!
Finished  86 generation in  50.46985149383545 seconds!
Finished  87 generation in  46.647242069244385 seconds!
Finished  88 generation in  46.534581422805786 seconds!
Finished  89 generation in  46.58565878868103 seconds!
Finished  90 generation in  46.5928168296814 seconds!
Finished  91 generation in  46.605674505233765 seconds!
Finished  92 generation in  46.228755950927734 seconds!
Finished  93 generation in  45.4661762714386 seconds!
Finished  94 generation in  45.33452129364014 seconds!
Finished  95 generation in  45.12162756919861 seconds!
Finished  96 generation in  45.13262319564819 seconds!
Finished  97 generation in  45.433629751205444 seconds!
Finished  98 generation in  45.21209764480591 seconds!
Finished  99 generation in  30.48748254776001 seconds!
Finished  100 generation in  45.13590884208679 seconds!
Finished  101 generation in  45.182183027267456 seconds!
Finished  102 generation in  45.20475172996521 seconds!
Finished  103 generation in  29.37981343269348 seconds!
Finished  104 generation in  45.17604207992554 seconds!
Finished  105 generation in  45.209409952163696 seconds!
Finished  106 generation in  45.372612953186035 seconds!
Finished  107 generation in  47.82073712348938 seconds!
Finished  108 generation in  29.767754554748535 seconds!
Finished  109 generation in  47.76355290412903 seconds!
Finished  110 generation in  47.2119038105011 seconds!
Finished  111 generation in  47.56917595863342 seconds!
Finished  112 generation in  47.57236862182617 seconds!
Finished  113 generation in  33.913307189941406 seconds!
Finished  114 generation in  52.140238761901855 seconds!
Finished  115 generation in  52.20806384086609 seconds!
Finished  116 generation in  51.67034101486206 seconds!
Finished  117 generation in  51.654085874557495 seconds!
Finished  118 generation in  51.66866660118103 seconds!
Finished  119 generation in  51.660754680633545 seconds!
Finished  120 generation in  61.00644016265869 seconds!
Finished  121 generation in  60.99810242652893 seconds!
Finished  122 generation in  28.737467050552368 seconds!
Finished  123 generation in  60.99108099937439 seconds!
Finished  124 generation in  61.022308111190796 seconds!
Finished  125 generation in  60.9963858127594 seconds!
Finished  126 generation in  61.03743553161621 seconds!
Finished  127 generation in  61.036217212677 seconds!
Finished  128 generation in  61.0783531665802 seconds!
Finished  129 generation in  61.07970929145813 seconds!
Finished  130 generation in  61.08120775222778 seconds!
Finished  131 generation in  61.05020475387573 seconds!
Finished  132 generation in  61.075406074523926 seconds!
Finished  133 generation in  61.10745573043823 seconds!
Finished  134 generation in  60.06518340110779 seconds!
Finished  135 generation in  60.04256224632263 seconds!
Finished  136 generation in  60.03460645675659 seconds!
Finished  137 generation in  60.09992575645447 seconds!
Finished  138 generation in  60.07370400428772 seconds!
Finished  139 generation in  60.09126138687134 seconds!
Finished  140 generation in  55.50448703765869 seconds!
Finished  141 generation in  55.53274083137512 seconds!
Finished  142 generation in  58.70062732696533 seconds!
Finished  143 generation in  58.53520107269287 seconds!
Finished  144 generation in  58.548033714294434 seconds!
Finished  145 generation in  47.236844539642334 seconds!
Finished  146 generation in  47.25500226020813 seconds!
Finished  147 generation in  47.230175495147705 seconds!
Finished  148 generation in  47.225470304489136 seconds!
Finished  149 generation in  47.213871002197266 seconds!
Finished  150 generation in  47.232311487197876 seconds!
Finished  151 generation in  47.22944092750549 seconds!
srun: Job step aborted: Waiting up to 32 seconds for job step to finish.
slurmstepd: error: *** STEP 3053708.0 ON gcn50 CANCELLED AT 2023-07-13T09:06:04 DUE TO TIME LIMIT ***
slurmstepd: error: *** JOB 3053708 ON gcn50 CANCELLED AT 2023-07-13T09:06:04 DUE TO TIME LIMIT ***

JOB STATISTICS
==============
Job ID: 3053708
Cluster: snellius
User/Group: nskor/nskor
State: TIMEOUT (exit code 0)
Nodes: 1
Cores per node: 18
CPU Utilized: 19:55:31
CPU Efficiency: 5.53% of 15-00:00:54 core-walltime
Job Wall-clock time: 20:00:03
Memory Utilized: 174.68 MB
Memory Efficiency: 0.62% of 27.34 GB
