Finished  1 generation in  88.12986636161804 seconds!
Finished  2 generation in  86.58781480789185 seconds!
Finished  3 generation in  86.52908301353455 seconds!
Finished  4 generation in  86.4679365158081 seconds!
Finished  5 generation in  213.87211537361145 seconds!
Finished  6 generation in  187.17738223075867 seconds!
Finished  7 generation in  187.02976846694946 seconds!
Finished  8 generation in  163.73769330978394 seconds!
Finished  9 generation in  163.75204372406006 seconds!
Finished  10 generation in  163.5267140865326 seconds!
Finished  11 generation in  161.26275253295898 seconds!
Finished  12 generation in  161.05744051933289 seconds!
Finished  13 generation in  160.99132180213928 seconds!
Finished  14 generation in  64.07598423957825 seconds!
Finished  15 generation in  160.9491240978241 seconds!
Finished  16 generation in  160.97305345535278 seconds!
Finished  17 generation in  160.9407079219818 seconds!
Finished  18 generation in  160.99274325370789 seconds!
Finished  19 generation in  161.10470414161682 seconds!
Finished  20 generation in  161.10983562469482 seconds!
Finished  21 generation in  161.2343819141388 seconds!
Finished  22 generation in  161.08364605903625 seconds!
Finished  23 generation in  161.2406153678894 seconds!
Finished  24 generation in  564.8917689323425 seconds!
Finished  25 generation in  230.30233454704285 seconds!
Finished  26 generation in  158.15885257720947 seconds!
Finished  27 generation in  229.82743525505066 seconds!
Finished  28 generation in  230.0356273651123 seconds!
Finished  29 generation in  230.01522612571716 seconds!
Finished  30 generation in  229.64688777923584 seconds!
Finished  31 generation in  229.73007988929749 seconds!
Finished  32 generation in  209.18751049041748 seconds!
Finished  33 generation in  209.27275228500366 seconds!
Finished  34 generation in  209.30629634857178 seconds!
Finished  35 generation in  209.9868197441101 seconds!
Finished  36 generation in  209.90728950500488 seconds!
Finished  37 generation in  213.82586097717285 seconds!
Finished  38 generation in  213.74595403671265 seconds!
Finished  39 generation in  77.54443621635437 seconds!
Finished  40 generation in  81.88638877868652 seconds!
Finished  41 generation in  307.80786418914795 seconds!
Finished  42 generation in  213.99439883232117 seconds!
Finished  43 generation in  213.86772918701172 seconds!
Finished  44 generation in  214.0251898765564 seconds!
Finished  45 generation in  213.478777885437 seconds!
Finished  46 generation in  213.3032100200653 seconds!
Finished  47 generation in  131.86740946769714 seconds!
Finished  48 generation in  213.1412811279297 seconds!
Finished  49 generation in  377.0438084602356 seconds!
Finished  50 generation in  377.52559328079224 seconds!
Finished  51 generation in  377.79651141166687 seconds!
Finished  52 generation in  389.14598846435547 seconds!
Finished  53 generation in  388.87788248062134 seconds!
Finished  54 generation in  413.22561144828796 seconds!
Finished  55 generation in  413.06618094444275 seconds!
Finished  56 generation in  412.9019899368286 seconds!
Finished  57 generation in  412.95858931541443 seconds!
Finished  58 generation in  410.3873562812805 seconds!
Finished  59 generation in  118.41278648376465 seconds!
Finished  60 generation in  410.57130551338196 seconds!
Finished  61 generation in  958.4353122711182 seconds!
Finished  62 generation in  411.1131031513214 seconds!
Finished  63 generation in  410.83203625679016 seconds!
Finished  64 generation in  410.71009397506714 seconds!
Finished  65 generation in  410.8201186656952 seconds!
Finished  66 generation in  241.74426221847534 seconds!
Finished  67 generation in  411.19312810897827 seconds!
Finished  68 generation in  411.2442977428436 seconds!
Finished  69 generation in  410.43408250808716 seconds!
Finished  70 generation in  410.0565502643585 seconds!
Finished  71 generation in  438.6841781139374 seconds!
Finished  72 generation in  1357.4886944293976 seconds!
Finished  73 generation in  437.10235595703125 seconds!
Finished  74 generation in  435.90385723114014 seconds!
Finished  75 generation in  433.8511526584625 seconds!
Finished  76 generation in  434.47227692604065 seconds!
Finished  77 generation in  384.5291132926941 seconds!
Finished  78 generation in  384.63575315475464 seconds!
Finished  79 generation in  386.1203873157501 seconds!
Finished  80 generation in  734.8452055454254 seconds!
Finished  81 generation in  736.6860976219177 seconds!
Finished  82 generation in  738.6197612285614 seconds!
Finished  83 generation in  760.4921865463257 seconds!
Finished  84 generation in  759.9724237918854 seconds!
Finished  85 generation in  759.1850006580353 seconds!
Finished  86 generation in  758.9507479667664 seconds!
Finished  87 generation in  758.9643700122833 seconds!
Finished  88 generation in  758.9702835083008 seconds!
Finished  89 generation in  773.5721025466919 seconds!
Finished  90 generation in  546.2463102340698 seconds!
Finished  91 generation in  787.6175379753113 seconds!
Finished  92 generation in  468.0840833187103 seconds!
Finished  93 generation in  786.5285773277283 seconds!
Finished  94 generation in  787.5098938941956 seconds!
Finished  95 generation in  786.9309561252594 seconds!
Finished  96 generation in  790.1535751819611 seconds!
Finished  97 generation in  789.5817234516144 seconds!
Finished  98 generation in  790.2166945934296 seconds!
Finished  99 generation in  559.0742127895355 seconds!
Finished  100 generation in  789.4574813842773 seconds!
Finished  101 generation in  791.5189151763916 seconds!
Finished  102 generation in  762.4737312793732 seconds!
Finished  103 generation in  354.3216087818146 seconds!
Finished  104 generation in  762.3515083789825 seconds!
Finished  105 generation in  578.2059228420258 seconds!
Finished  106 generation in  762.613020658493 seconds!
Finished  107 generation in  812.8663311004639 seconds!
Finished  108 generation in  812.2471895217896 seconds!
Finished  109 generation in  812.5137701034546 seconds!
Finished  110 generation in  812.5883622169495 seconds!
Finished  111 generation in  815.6948006153107 seconds!
Finished  112 generation in  815.1209194660187 seconds!
Finished  113 generation in  814.7542858123779 seconds!
Finished  114 generation in  880.4789588451385 seconds!
Finished  115 generation in  881.3090486526489 seconds!
Finished  116 generation in  880.4856195449829 seconds!
Finished  117 generation in  864.3839654922485 seconds!
Finished  118 generation in  409.94465136528015 seconds!
Finished  119 generation in  231.63062167167664 seconds!
Finished  120 generation in  1055.4293158054352 seconds!
Finished  121 generation in  772.523500919342 seconds!
Finished  122 generation in  864.2237086296082 seconds!
Finished  123 generation in  864.2923061847687 seconds!
Finished  124 generation in  863.8686149120331 seconds!
Finished  125 generation in  862.1168522834778 seconds!
Finished  126 generation in  910.5542097091675 seconds!
Finished  127 generation in  910.5835757255554 seconds!
Finished  128 generation in  910.6361448764801 seconds!
Finished  129 generation in  910.7985382080078 seconds!
Finished  130 generation in  910.9883558750153 seconds!
Finished  131 generation in  910.6407999992371 seconds!
Finished  132 generation in  974.2193973064423 seconds!
Finished  133 generation in  974.1978306770325 seconds!
Finished  134 generation in  973.537588596344 seconds!
Finished  135 generation in  1023.5934972763062 seconds!
Finished  136 generation in  974.4992728233337 seconds!
Finished  137 generation in  973.1621899604797 seconds!
Finished  138 generation in  973.0670483112335 seconds!
Finished  139 generation in  967.605147600174 seconds!
Finished  140 generation in  967.074786901474 seconds!
Finished  141 generation in  967.3495099544525 seconds!
Finished  142 generation in  1604.2427079677582 seconds!
Finished  143 generation in  968.7858426570892 seconds!
Finished  144 generation in  618.917503118515 seconds!
Finished  145 generation in  977.2208008766174 seconds!
Finished  146 generation in  977.4150764942169 seconds!
Finished  147 generation in  982.5848965644836 seconds!
Finished  148 generation in  234.06911516189575 seconds!
Finished  149 generation in  982.0462625026703 seconds!
Finished  150 generation in  982.3688666820526 seconds!
Finished  151 generation in  981.7131397724152 seconds!
Finished  152 generation in  277.16567158699036 seconds!
Finished  153 generation in  692.8758807182312 seconds!
Finished  154 generation in  995.5210576057434 seconds!
Finished  155 generation in  661.7258758544922 seconds!
Finished  156 generation in  994.4906086921692 seconds!
Finished  157 generation in  802.8275237083435 seconds!
Finished  158 generation in  802.6875612735748 seconds!
Finished  159 generation in  802.5886447429657 seconds!
Finished  160 generation in  805.0035099983215 seconds!
Finished  161 generation in  705.9488291740417 seconds!
Finished  162 generation in  705.2681975364685 seconds!
Finished  163 generation in  705.1256830692291 seconds!
Finished  164 generation in  705.4684112071991 seconds!
Finished  165 generation in  705.285398721695 seconds!
Finished  166 generation in  703.4619474411011 seconds!
Finished  167 generation in  701.9679429531097 seconds!
Finished  168 generation in  702.0066502094269 seconds!
Finished  169 generation in  729.300053358078 seconds!
Finished  170 generation in  701.6072812080383 seconds!
Finished  171 generation in  711.9015004634857 seconds!
Finished  172 generation in  550.5850551128387 seconds!
Finished  173 generation in  544.0271987915039 seconds!
Finished  174 generation in  587.6818301677704 seconds!
Finished  175 generation in  589.9540815353394 seconds!
Finished  176 generation in  946.3536849021912 seconds!
Finished  177 generation in  946.398589849472 seconds!
Finished  178 generation in  949.5629811286926 seconds!
Finished  179 generation in  949.354816198349 seconds!
Finished  180 generation in  948.9199812412262 seconds!
Finished  181 generation in  949.8700802326202 seconds!
Finished  182 generation in  950.2014789581299 seconds!
Finished  183 generation in  949.7990581989288 seconds!
Finished  184 generation in  738.3057088851929 seconds!
Finished  185 generation in  755.8155314922333 seconds!
Finished  186 generation in  755.6487047672272 seconds!
Finished  187 generation in  755.642251253128 seconds!
Finished  188 generation in  756.1770932674408 seconds!
Finished  189 generation in  778.438159942627 seconds!
Finished  190 generation in  778.539130449295 seconds!
Finished  191 generation in  567.7821538448334 seconds!
Finished  192 generation in  258.40181970596313 seconds!
Finished  193 generation in  826.2623329162598 seconds!
Finished  194 generation in  828.9985511302948 seconds!
Finished  195 generation in  432.23485040664673 seconds!
Finished  196 generation in  431.73767590522766 seconds!
Finished  197 generation in  431.7641005516052 seconds!
Finished  198 generation in  431.65571427345276 seconds!
Finished  199 generation in  303.95830249786377 seconds!
Finished  200 generation in  440.19990038871765 seconds!
Finished  201 generation in  440.32633924484253 seconds!
Finished  202 generation in  438.7542848587036 seconds!
Finished  203 generation in  438.8862316608429 seconds!
Finished  204 generation in  460.4181663990021 seconds!
Finished  205 generation in  215.58721256256104 seconds!
Finished  206 generation in  438.6013264656067 seconds!
Finished  207 generation in  438.8023273944855 seconds!
Finished  208 generation in  438.9945514202118 seconds!
Finished  209 generation in  438.9911961555481 seconds!
Finished  210 generation in  432.32518911361694 seconds!
Finished  211 generation in  438.9473919868469 seconds!
Finished  212 generation in  438.8863112926483 seconds!
Finished  213 generation in  438.9328589439392 seconds!
Finished  214 generation in  438.8043477535248 seconds!
Finished  215 generation in  439.175742149353 seconds!
Finished  216 generation in  439.0391674041748 seconds!
Finished  217 generation in  439.2577199935913 seconds!
Finished  218 generation in  395.4296534061432 seconds!
Finished  219 generation in  362.3494875431061 seconds!
Finished  220 generation in  361.21564197540283 seconds!
Finished  221 generation in  122.47351121902466 seconds!
Finished  222 generation in  357.3907997608185 seconds!
Finished  223 generation in  357.5238778591156 seconds!
Finished  224 generation in  357.75471472740173 seconds!
Finished  225 generation in  277.7865569591522 seconds!
Finished  226 generation in  277.7577176094055 seconds!
Finished  227 generation in  276.29264187812805 seconds!
Finished  228 generation in  274.48615646362305 seconds!
Finished  229 generation in  284.10230255126953 seconds!
Finished  230 generation in  551.0449829101562 seconds!
Finished  231 generation in  284.2487897872925 seconds!
Finished  232 generation in  284.1812746524811 seconds!
Finished  233 generation in  284.1174795627594 seconds!
Finished  234 generation in  284.0217044353485 seconds!
Finished  235 generation in  244.84406304359436 seconds!
Finished  236 generation in  246.5395908355713 seconds!
Finished  237 generation in  246.49281883239746 seconds!
Finished  238 generation in  238.00683999061584 seconds!
Finished  239 generation in  237.86332321166992 seconds!
Finished  240 generation in  237.82816672325134 seconds!
Finished  241 generation in  238.24822115898132 seconds!
Finished  242 generation in  352.9454941749573 seconds!
Finished  243 generation in  352.62633204460144 seconds!
Finished  244 generation in  352.7547950744629 seconds!
Finished  245 generation in  353.42273139953613 seconds!
Finished  246 generation in  353.30975103378296 seconds!
Finished  247 generation in  352.83029341697693 seconds!
Finished  248 generation in  351.90570044517517 seconds!
Finished  249 generation in  351.9548749923706 seconds!
Finished  250 generation in  317.1218342781067 seconds!
Finished  251 generation in  235.0907962322235 seconds!
Finished  252 generation in  317.22185826301575 seconds!
Finished  253 generation in  317.2236907482147 seconds!
Finished  254 generation in  322.6446158885956 seconds!
Finished  255 generation in  322.67736315727234 seconds!
Finished  256 generation in  322.64378905296326 seconds!
Finished  257 generation in  308.5425992012024 seconds!
Finished  258 generation in  322.08001017570496 seconds!
Finished  259 generation in  96.75425004959106 seconds!
Finished  260 generation in  345.2193319797516 seconds!
Finished  261 generation in  365.33823108673096 seconds!
Finished  262 generation in  322.14277958869934 seconds!
Finished  263 generation in  294.75329637527466 seconds!
Finished  264 generation in  294.778648853302 seconds!
Finished  265 generation in  294.76771426200867 seconds!
Finished  266 generation in  296.1837406158447 seconds!
Finished  267 generation in  220.09570741653442 seconds!
Finished  268 generation in  296.08371686935425 seconds!
Finished  269 generation in  296.16675329208374 seconds!
Finished  270 generation in  296.12407398223877 seconds!
Finished  271 generation in  304.5667550563812 seconds!
Finished  272 generation in  304.51794815063477 seconds!
Finished  273 generation in  304.58490777015686 seconds!
Finished  274 generation in  304.63164019584656 seconds!
Finished  275 generation in  304.52773690223694 seconds!
Finished  276 generation in  305.24328660964966 seconds!
Finished  277 generation in  283.0529592037201 seconds!
Finished  278 generation in  283.13823795318604 seconds!
Finished  279 generation in  282.92959547042847 seconds!
Finished  280 generation in  283.04187655448914 seconds!
Finished  281 generation in  282.90745520591736 seconds!
Finished  282 generation in  283.0250573158264 seconds!
Finished  283 generation in  282.94419026374817 seconds!
Finished  284 generation in  396.93927097320557 seconds!
Finished  285 generation in  461.09570050239563 seconds!
Finished  286 generation in  461.0211250782013 seconds!
Finished  287 generation in  450.1837558746338 seconds!
Finished  288 generation in  450.03583121299744 seconds!
Finished  289 generation in  444.5252869129181 seconds!
Finished  290 generation in  444.3373329639435 seconds!
Finished  291 generation in  444.5510251522064 seconds!
Finished  292 generation in  394.3780505657196 seconds!
Finished  293 generation in  444.47624492645264 seconds!
Finished  294 generation in  603.4116795063019 seconds!
Finished  295 generation in  603.2577316761017 seconds!
Finished  296 generation in  679.1447212696075 seconds!
Finished  297 generation in  603.4085443019867 seconds!
Finished  298 generation in  603.726964712143 seconds!
Finished  299 generation in  603.769758939743 seconds!
Finished  300 generation in  603.525753736496 seconds!

JOB STATISTICS
==============
Job ID: 3124278
Cluster: snellius
User/Group: nskor/nskor
State: COMPLETED (exit code 0)
Nodes: 1
Cores per node: 18
CPU Utilized: 1-18:09:55
CPU Efficiency: 5.54% of 31-17:25:12 core-walltime
Job Wall-clock time: 1-18:18:04
Memory Utilized: 408.47 MB
Memory Efficiency: 1.46% of 27.34 GB
