Finished  1 generation in  226.15985679626465 seconds!
Finished  2 generation in  226.12438225746155 seconds!
Finished  3 generation in  332.4604125022888 seconds!
Finished  4 generation in  257.6062161922455 seconds!
Finished  5 generation in  306.79789090156555 seconds!
Finished  6 generation in  306.73980355262756 seconds!
Finished  7 generation in  304.6676549911499 seconds!
Finished  8 generation in  304.40973925590515 seconds!
Finished  9 generation in  304.41964864730835 seconds!
Finished  10 generation in  465.7815833091736 seconds!
Finished  11 generation in  343.3063189983368 seconds!
Finished  12 generation in  343.1673834323883 seconds!
Finished  13 generation in  343.3168132305145 seconds!
Finished  14 generation in  343.3609986305237 seconds!
Finished  15 generation in  293.7829382419586 seconds!
Finished  16 generation in  343.7432236671448 seconds!
Finished  17 generation in  343.42110896110535 seconds!
Finished  18 generation in  212.8487582206726 seconds!
Finished  19 generation in  339.02732586860657 seconds!
Finished  20 generation in  164.91124415397644 seconds!
Finished  21 generation in  339.20773696899414 seconds!
Finished  22 generation in  340.1472988128662 seconds!
Finished  23 generation in  340.1228129863739 seconds!
Finished  24 generation in  340.10464811325073 seconds!
Finished  25 generation in  340.0958979129791 seconds!
Finished  26 generation in  119.49645972251892 seconds!
Finished  27 generation in  339.76013469696045 seconds!
Finished  28 generation in  343.3864643573761 seconds!
Finished  29 generation in  313.80097365379333 seconds!
Finished  30 generation in  314.0634181499481 seconds!
Finished  31 generation in  313.9258508682251 seconds!
Finished  32 generation in  314.1712803840637 seconds!
Finished  33 generation in  313.8077139854431 seconds!
Finished  34 generation in  313.89914560317993 seconds!
Finished  35 generation in  305.8564188480377 seconds!
Finished  36 generation in  304.81947016716003 seconds!
Finished  37 generation in  300.8719313144684 seconds!
Finished  38 generation in  300.9528946876526 seconds!
Finished  39 generation in  300.971417427063 seconds!
Finished  40 generation in  300.83480644226074 seconds!
Finished  41 generation in  300.9189898967743 seconds!
Finished  42 generation in  301.0945951938629 seconds!
Finished  43 generation in  151.50006413459778 seconds!
Finished  44 generation in  151.49715042114258 seconds!
Finished  45 generation in  151.47909307479858 seconds!
Finished  46 generation in  151.43537402153015 seconds!
Finished  47 generation in  151.3932807445526 seconds!
Finished  48 generation in  150.9730498790741 seconds!
Finished  49 generation in  150.80667400360107 seconds!
Finished  50 generation in  150.5863742828369 seconds!
Finished  51 generation in  77.29610562324524 seconds!
Finished  52 generation in  374.5278334617615 seconds!
Finished  53 generation in  77.74124836921692 seconds!
Finished  54 generation in  77.26474928855896 seconds!
Finished  55 generation in  77.27032566070557 seconds!
Finished  56 generation in  106.41026020050049 seconds!
Finished  57 generation in  77.2243504524231 seconds!
Finished  58 generation in  77.1868360042572 seconds!
Finished  59 generation in  77.23474717140198 seconds!
Finished  60 generation in  77.3571891784668 seconds!
Finished  61 generation in  77.41450357437134 seconds!
Finished  62 generation in  95.33048176765442 seconds!
Finished  63 generation in  92.48509383201599 seconds!
Finished  64 generation in  92.54204034805298 seconds!
Finished  65 generation in  92.45676875114441 seconds!
Finished  66 generation in  92.50643968582153 seconds!
Finished  67 generation in  58.4913215637207 seconds!
Finished  68 generation in  92.39088535308838 seconds!
Finished  69 generation in  92.45509123802185 seconds!
Finished  70 generation in  142.22675967216492 seconds!
Finished  71 generation in  142.23622608184814 seconds!
Finished  72 generation in  142.09638166427612 seconds!
Finished  73 generation in  142.17151284217834 seconds!
Finished  74 generation in  142.01033782958984 seconds!
Finished  75 generation in  141.9336850643158 seconds!
Finished  76 generation in  57.508962631225586 seconds!
Finished  77 generation in  99.6470878124237 seconds!
Finished  78 generation in  57.47287178039551 seconds!
Finished  79 generation in  56.182082414627075 seconds!
Finished  80 generation in  56.145971059799194 seconds!
Finished  81 generation in  47.76419949531555 seconds!
Finished  82 generation in  47.74476885795593 seconds!
Finished  83 generation in  47.7144410610199 seconds!
Finished  84 generation in  29.46678876876831 seconds!
Finished  85 generation in  47.651458978652954 seconds!
Finished  86 generation in  45.35521388053894 seconds!
Finished  87 generation in  47.72909331321716 seconds!
Finished  88 generation in  47.089439392089844 seconds!
Finished  89 generation in  47.1007513999939 seconds!
Finished  90 generation in  42.85343050956726 seconds!
Finished  91 generation in  34.361509799957275 seconds!
Finished  92 generation in  43.791245460510254 seconds!
Finished  93 generation in  43.81330609321594 seconds!
Finished  94 generation in  43.74837899208069 seconds!
Finished  95 generation in  43.76520895957947 seconds!
Finished  96 generation in  43.71713972091675 seconds!
Finished  97 generation in  43.876739740371704 seconds!
Finished  98 generation in  43.72432041168213 seconds!
Finished  99 generation in  43.9446907043457 seconds!
Finished  100 generation in  43.75759196281433 seconds!
Finished  101 generation in  43.75173997879028 seconds!
Finished  102 generation in  43.0539345741272 seconds!
Finished  103 generation in  43.31048321723938 seconds!
Finished  104 generation in  43.307167291641235 seconds!
Finished  105 generation in  43.33129262924194 seconds!
Finished  106 generation in  42.54402565956116 seconds!
Finished  107 generation in  42.5433554649353 seconds!
Finished  108 generation in  42.556952714920044 seconds!
Finished  109 generation in  42.5516140460968 seconds!
Finished  110 generation in  22.58921504020691 seconds!
Finished  111 generation in  42.46364951133728 seconds!
Finished  112 generation in  54.29135870933533 seconds!
Finished  113 generation in  33.3243293762207 seconds!
Finished  114 generation in  33.261199951171875 seconds!
Finished  115 generation in  50.53885293006897 seconds!
Finished  116 generation in  33.280810832977295 seconds!
Finished  117 generation in  33.27213954925537 seconds!
Finished  118 generation in  33.23094367980957 seconds!
Finished  119 generation in  31.87008285522461 seconds!
Finished  120 generation in  31.835211277008057 seconds!
Finished  121 generation in  31.854689121246338 seconds!
Finished  122 generation in  28.431716203689575 seconds!
Finished  123 generation in  31.86985945701599 seconds!
Finished  124 generation in  27.515684127807617 seconds!
Finished  125 generation in  26.53629469871521 seconds!
Finished  126 generation in  41.2467405796051 seconds!
Finished  127 generation in  26.551297903060913 seconds!
Finished  128 generation in  26.535118579864502 seconds!
Finished  129 generation in  26.53719925880432 seconds!
Finished  130 generation in  27.277132511138916 seconds!
Finished  131 generation in  36.97854971885681 seconds!
Finished  132 generation in  36.983489751815796 seconds!
Finished  133 generation in  23.46421480178833 seconds!
Finished  134 generation in  24.058913707733154 seconds!
Finished  135 generation in  51.69677686691284 seconds!
Finished  136 generation in  51.70607590675354 seconds!
Finished  137 generation in  51.68843126296997 seconds!
Finished  138 generation in  35.38635563850403 seconds!
Finished  139 generation in  39.18608999252319 seconds!
Finished  140 generation in  8.317859888076782 seconds!
Finished  141 generation in  39.16954255104065 seconds!
Finished  142 generation in  22.22703742980957 seconds!
Finished  143 generation in  23.211846113204956 seconds!
Finished  144 generation in  25.245757341384888 seconds!
Finished  145 generation in  25.24036717414856 seconds!
Finished  146 generation in  14.095844030380249 seconds!
Finished  147 generation in  42.10290288925171 seconds!
Finished  148 generation in  25.106147050857544 seconds!
Finished  149 generation in  25.11294150352478 seconds!
Finished  150 generation in  25.111682415008545 seconds!
Finished  151 generation in  25.097874879837036 seconds!
Finished  152 generation in  25.077999591827393 seconds!
Finished  153 generation in  25.09097146987915 seconds!
Finished  154 generation in  25.076979637145996 seconds!
Finished  155 generation in  26.8886821269989 seconds!
Finished  156 generation in  26.529637575149536 seconds!
Finished  157 generation in  26.50550937652588 seconds!
Finished  158 generation in  26.508002519607544 seconds!
Finished  159 generation in  26.494253158569336 seconds!
Finished  160 generation in  26.015814781188965 seconds!
Finished  161 generation in  26.01115870475769 seconds!
Finished  162 generation in  25.12171721458435 seconds!
Finished  163 generation in  29.015777826309204 seconds!
Finished  164 generation in  25.137592315673828 seconds!
Finished  165 generation in  25.128473043441772 seconds!
Finished  166 generation in  25.132667064666748 seconds!
Finished  167 generation in  25.125595569610596 seconds!
Finished  168 generation in  25.136204719543457 seconds!
Finished  169 generation in  45.1813759803772 seconds!
Finished  170 generation in  45.149479389190674 seconds!
Finished  171 generation in  45.13015818595886 seconds!
Finished  172 generation in  45.14697527885437 seconds!
Finished  173 generation in  45.424814224243164 seconds!
Finished  174 generation in  45.36985516548157 seconds!
Finished  175 generation in  45.373213052749634 seconds!
Finished  176 generation in  44.241748332977295 seconds!
Finished  177 generation in  44.23014950752258 seconds!
Finished  178 generation in  44.230499267578125 seconds!
Finished  179 generation in  44.27665948867798 seconds!
Finished  180 generation in  47.09222173690796 seconds!
Finished  181 generation in  44.23846983909607 seconds!
Finished  182 generation in  53.15245509147644 seconds!
Finished  183 generation in  53.19434094429016 seconds!
Finished  184 generation in  108.60438299179077 seconds!
Finished  185 generation in  53.19534397125244 seconds!
Finished  186 generation in  52.92938160896301 seconds!
Finished  187 generation in  53.07727861404419 seconds!
Finished  188 generation in  33.635199546813965 seconds!
Finished  189 generation in  53.07438683509827 seconds!
Finished  190 generation in  53.18319272994995 seconds!
Finished  191 generation in  41.73873519897461 seconds!
Finished  192 generation in  53.15818691253662 seconds!
Finished  193 generation in  53.185142040252686 seconds!
Finished  194 generation in  50.57313823699951 seconds!
Finished  195 generation in  66.95463585853577 seconds!
Finished  196 generation in  66.99833226203918 seconds!
Finished  197 generation in  66.82617545127869 seconds!
Finished  198 generation in  85.9230968952179 seconds!
Finished  199 generation in  66.73361301422119 seconds!
Finished  200 generation in  85.4498405456543 seconds!
Finished  1 generation in  19.60283899307251 seconds!
Finished  2 generation in  19.644031047821045 seconds!
Finished  3 generation in  20.649606943130493 seconds!
Finished  4 generation in  20.66236639022827 seconds!
Finished  5 generation in  20.72858238220215 seconds!
Finished  6 generation in  37.41253113746643 seconds!
Finished  7 generation in  39.46672797203064 seconds!
Finished  8 generation in  39.61967492103577 seconds!
Finished  9 generation in  24.90752100944519 seconds!
Finished  10 generation in  39.43717670440674 seconds!
Finished  11 generation in  39.46791172027588 seconds!
Finished  12 generation in  39.480238914489746 seconds!
Finished  13 generation in  39.322662115097046 seconds!
Finished  14 generation in  39.295692920684814 seconds!
Finished  15 generation in  39.257195711135864 seconds!
Finished  16 generation in  39.220356464385986 seconds!
Finished  17 generation in  11.879982471466064 seconds!
Finished  18 generation in  39.263181924819946 seconds!
Finished  19 generation in  39.29045057296753 seconds!
Finished  20 generation in  39.31237506866455 seconds!
Finished  21 generation in  42.121580600738525 seconds!
Finished  22 generation in  42.06017780303955 seconds!
Finished  23 generation in  42.08168172836304 seconds!
Finished  24 generation in  41.94958019256592 seconds!
Finished  25 generation in  41.97594857215881 seconds!
Finished  26 generation in  41.94511699676514 seconds!
Finished  27 generation in  41.92282795906067 seconds!
Finished  28 generation in  41.972025871276855 seconds!
Finished  29 generation in  42.06554698944092 seconds!
Finished  30 generation in  42.125401973724365 seconds!
Finished  31 generation in  42.114325523376465 seconds!
Finished  32 generation in  42.048797845840454 seconds!
Finished  33 generation in  42.23326849937439 seconds!
Finished  34 generation in  41.984241247177124 seconds!
Finished  35 generation in  42.159037590026855 seconds!
Finished  36 generation in  37.74609398841858 seconds!
Finished  37 generation in  41.96561050415039 seconds!
Finished  38 generation in  42.061776638031006 seconds!
Finished  39 generation in  41.9560980796814 seconds!
Finished  40 generation in  42.007315158843994 seconds!
Finished  41 generation in  41.37082314491272 seconds!
Finished  42 generation in  41.28644895553589 seconds!
Finished  43 generation in  41.45915389060974 seconds!
Finished  44 generation in  41.35919976234436 seconds!
Finished  45 generation in  33.832515239715576 seconds!
Finished  46 generation in  33.74057078361511 seconds!
Finished  47 generation in  33.64780783653259 seconds!
Finished  48 generation in  33.04362082481384 seconds!
Finished  49 generation in  33.069490909576416 seconds!
Finished  50 generation in  35.81048345565796 seconds!
Finished  51 generation in  33.30214595794678 seconds!
Finished  52 generation in  32.2200026512146 seconds!
Finished  53 generation in  32.19630479812622 seconds!
Finished  54 generation in  29.630988121032715 seconds!
Finished  55 generation in  29.61587119102478 seconds!
Finished  56 generation in  29.644070863723755 seconds!
Finished  57 generation in  2.8597357273101807 seconds!
Finished  58 generation in  29.657657384872437 seconds!
Finished  59 generation in  29.621777534484863 seconds!
Finished  60 generation in  29.668930768966675 seconds!
Finished  61 generation in  29.63626003265381 seconds!
Finished  62 generation in  29.903815746307373 seconds!
Finished  63 generation in  7.078175067901611 seconds!
Finished  64 generation in  17.662561416625977 seconds!
Finished  65 generation in  16.763333082199097 seconds!
Finished  66 generation in  15.4800386428833 seconds!
Finished  67 generation in  15.515143156051636 seconds!
Finished  68 generation in  15.499539136886597 seconds!
Finished  69 generation in  15.491571187973022 seconds!
Finished  70 generation in  15.514978170394897 seconds!
Finished  71 generation in  15.505890369415283 seconds!
Finished  72 generation in  15.479029655456543 seconds!
Finished  73 generation in  17.844080209732056 seconds!
Finished  74 generation in  15.887157678604126 seconds!
Finished  75 generation in  15.891966819763184 seconds!
Finished  76 generation in  15.887688636779785 seconds!
Finished  77 generation in  12.108710527420044 seconds!
Finished  78 generation in  15.970943689346313 seconds!
Finished  79 generation in  15.903920412063599 seconds!
Finished  80 generation in  15.906550645828247 seconds!
Finished  81 generation in  15.916396856307983 seconds!
Finished  82 generation in  15.88453221321106 seconds!
Finished  83 generation in  15.914669513702393 seconds!
Finished  84 generation in  15.877505779266357 seconds!
Finished  85 generation in  15.898986577987671 seconds!
Finished  86 generation in  15.897680521011353 seconds!
Finished  87 generation in  15.880627870559692 seconds!
Finished  88 generation in  15.916046619415283 seconds!
Finished  89 generation in  15.885277509689331 seconds!
Finished  90 generation in  15.878678798675537 seconds!
Finished  91 generation in  10.728818416595459 seconds!
Finished  92 generation in  10.710774898529053 seconds!
Finished  93 generation in  4.6609838008880615 seconds!
Finished  94 generation in  10.730656862258911 seconds!
Finished  95 generation in  10.703706741333008 seconds!
Finished  96 generation in  10.720266580581665 seconds!
Finished  97 generation in  10.737688302993774 seconds!
Finished  98 generation in  2.700939655303955 seconds!
Finished  99 generation in  10.72953987121582 seconds!
Finished  100 generation in  5.589048385620117 seconds!
Finished  101 generation in  5.5760955810546875 seconds!
Finished  102 generation in  5.60187292098999 seconds!
Finished  103 generation in  5.594356298446655 seconds!
Finished  104 generation in  12.057731628417969 seconds!
Finished  105 generation in  5.5892415046691895 seconds!
Finished  106 generation in  5.6013267040252686 seconds!
Finished  107 generation in  5.5677900314331055 seconds!
Finished  108 generation in  5.565682649612427 seconds!
Finished  109 generation in  9.483301401138306 seconds!
Finished  110 generation in  2.3332693576812744 seconds!
Finished  111 generation in  9.713076114654541 seconds!
Finished  112 generation in  9.710682392120361 seconds!
Finished  113 generation in  9.7080819606781 seconds!
Finished  114 generation in  9.714024066925049 seconds!
Finished  115 generation in  9.74473786354065 seconds!
Finished  116 generation in  9.74096131324768 seconds!
Finished  117 generation in  4.9729650020599365 seconds!
Finished  118 generation in  9.7308669090271 seconds!
Finished  119 generation in  9.72687578201294 seconds!
Finished  120 generation in  9.755817651748657 seconds!
Finished  121 generation in  9.737106561660767 seconds!
Finished  122 generation in  9.740478038787842 seconds!
Finished  123 generation in  9.74689769744873 seconds!
Finished  124 generation in  9.489775896072388 seconds!
Finished  125 generation in  9.487046003341675 seconds!
Finished  126 generation in  8.268615484237671 seconds!
Finished  127 generation in  9.472353219985962 seconds!
Finished  128 generation in  9.483397960662842 seconds!
Finished  129 generation in  9.491220951080322 seconds!
Finished  130 generation in  9.453212261199951 seconds!
Finished  131 generation in  9.467177391052246 seconds!
Finished  132 generation in  9.45606780052185 seconds!
Finished  133 generation in  9.435031652450562 seconds!
Finished  134 generation in  9.441101551055908 seconds!
Finished  135 generation in  9.428420066833496 seconds!
Finished  136 generation in  9.519566535949707 seconds!
Finished  137 generation in  9.49793791770935 seconds!
Finished  138 generation in  9.379889249801636 seconds!
Finished  139 generation in  9.39092206954956 seconds!
Finished  140 generation in  10.43201732635498 seconds!
Finished  141 generation in  10.431722164154053 seconds!
Finished  142 generation in  10.44600796699524 seconds!
Finished  143 generation in  14.114743947982788 seconds!
Finished  144 generation in  14.116309881210327 seconds!
Finished  145 generation in  14.090169429779053 seconds!
Finished  146 generation in  14.084115743637085 seconds!
Finished  147 generation in  14.114099979400635 seconds!
Finished  148 generation in  14.126319646835327 seconds!
Finished  149 generation in  14.11882758140564 seconds!
Finished  150 generation in  14.085167169570923 seconds!
Finished  151 generation in  14.099222421646118 seconds!
Finished  152 generation in  12.133063077926636 seconds!
Finished  153 generation in  14.106230020523071 seconds!
Finished  154 generation in  13.89346957206726 seconds!
Finished  155 generation in  13.856926679611206 seconds!
Finished  156 generation in  13.859195709228516 seconds!
Finished  157 generation in  13.834308385848999 seconds!
Finished  158 generation in  13.882993936538696 seconds!
Finished  159 generation in  13.867731809616089 seconds!
Finished  160 generation in  14.036671161651611 seconds!
Finished  161 generation in  7.405588388442993 seconds!
Finished  162 generation in  7.430784463882446 seconds!
Finished  163 generation in  5.5680177211761475 seconds!
Finished  164 generation in  2.6480698585510254 seconds!
Finished  165 generation in  2.6486546993255615 seconds!
Finished  166 generation in  2.650533676147461 seconds!
Finished  167 generation in  2.6463098526000977 seconds!
Finished  168 generation in  2.243894100189209 seconds!
Finished  169 generation in  2.227037191390991 seconds!
Finished  170 generation in  2.225118637084961 seconds!
Finished  171 generation in  4.113324165344238 seconds!
Finished  172 generation in  2.2454841136932373 seconds!
Finished  173 generation in  2.2674741744995117 seconds!
Finished  174 generation in  2.268141269683838 seconds!
Finished  175 generation in  2.2993643283843994 seconds!
Finished  176 generation in  2.2991347312927246 seconds!
Finished  177 generation in  2.3236212730407715 seconds!
Finished  178 generation in  2.304211139678955 seconds!
Finished  179 generation in  2.2997684478759766 seconds!
Finished  180 generation in  2.308328866958618 seconds!
Finished  181 generation in  1.7173523902893066 seconds!
Finished  182 generation in  2.312133312225342 seconds!
Finished  183 generation in  2.3291337490081787 seconds!
Finished  184 generation in  1.6093430519104004 seconds!
Finished  185 generation in  2.246267557144165 seconds!
Finished  186 generation in  2.259636878967285 seconds!
Finished  187 generation in  2.247624397277832 seconds!
Finished  188 generation in  2.6964783668518066 seconds!
Finished  189 generation in  2.144212007522583 seconds!
Finished  190 generation in  2.6659066677093506 seconds!
Finished  191 generation in  2.6804473400115967 seconds!
Finished  192 generation in  2.677184820175171 seconds!
Finished  193 generation in  2.667853355407715 seconds!
Finished  194 generation in  2.6844232082366943 seconds!
Finished  195 generation in  1.3673436641693115 seconds!
Finished  196 generation in  2.686924934387207 seconds!
Finished  197 generation in  2.7019031047821045 seconds!
Finished  198 generation in  2.683624029159546 seconds!
Finished  199 generation in  0.8832197189331055 seconds!
Finished  200 generation in  2.6902682781219482 seconds!
Finished  1 generation in  50.45390272140503 seconds!
Finished  2 generation in  49.82087850570679 seconds!
Finished  3 generation in  38.22910022735596 seconds!
Finished  4 generation in  38.22428488731384 seconds!
Finished  5 generation in  38.256553411483765 seconds!
Finished  6 generation in  38.23789644241333 seconds!
Finished  7 generation in  38.257564544677734 seconds!
Finished  8 generation in  38.349085092544556 seconds!
Finished  9 generation in  38.36413335800171 seconds!
Finished  10 generation in  38.33083176612854 seconds!
Finished  11 generation in  38.31056833267212 seconds!
Finished  12 generation in  38.33660387992859 seconds!
Finished  13 generation in  39.57775926589966 seconds!
Finished  14 generation in  39.62920331954956 seconds!
Finished  15 generation in  39.60401701927185 seconds!
Finished  16 generation in  39.63475704193115 seconds!
Finished  17 generation in  39.233195781707764 seconds!
Finished  18 generation in  39.26574397087097 seconds!
Finished  19 generation in  39.244606733322144 seconds!
Finished  20 generation in  39.267958641052246 seconds!
Finished  21 generation in  39.18721532821655 seconds!
Finished  22 generation in  39.24263644218445 seconds!
Finished  23 generation in  134.94815325737 seconds!
Finished  24 generation in  136.87533473968506 seconds!
Finished  25 generation in  136.85633826255798 seconds!
Finished  26 generation in  136.82892227172852 seconds!
Finished  27 generation in  136.89961218833923 seconds!
Finished  28 generation in  136.84827303886414 seconds!
Finished  29 generation in  135.95187187194824 seconds!
Finished  30 generation in  135.90765619277954 seconds!
Finished  31 generation in  33.865386962890625 seconds!
Finished  32 generation in  136.19268941879272 seconds!
Finished  33 generation in  136.27763748168945 seconds!
Finished  34 generation in  136.22203493118286 seconds!
Finished  35 generation in  50.18955874443054 seconds!
Finished  36 generation in  45.713608741760254 seconds!
Finished  37 generation in  136.2230486869812 seconds!
Finished  38 generation in  134.6310863494873 seconds!
Finished  39 generation in  120.4444146156311 seconds!
Finished  40 generation in  113.53821778297424 seconds!
Finished  41 generation in  113.61739206314087 seconds!
Finished  42 generation in  113.6920998096466 seconds!
Finished  43 generation in  113.98757147789001 seconds!
Finished  44 generation in  114.26381158828735 seconds!
Finished  45 generation in  114.29610204696655 seconds!
Finished  46 generation in  113.0050790309906 seconds!
Finished  47 generation in  112.98103761672974 seconds!
Finished  48 generation in  112.96424889564514 seconds!
Finished  49 generation in  113.00966215133667 seconds!
Finished  50 generation in  112.98772478103638 seconds!
Finished  51 generation in  113.14210438728333 seconds!
Finished  52 generation in  113.12437677383423 seconds!
Finished  53 generation in  113.12196207046509 seconds!
Finished  54 generation in  113.1298439502716 seconds!
Finished  55 generation in  98.5972580909729 seconds!
Finished  56 generation in  98.6089391708374 seconds!
Finished  57 generation in  98.62583565711975 seconds!
Finished  58 generation in  98.64473962783813 seconds!
Finished  59 generation in  106.6368899345398 seconds!
Finished  60 generation in  98.99780631065369 seconds!
Finished  61 generation in  99.23127269744873 seconds!
Finished  62 generation in  98.94366097450256 seconds!
Finished  63 generation in  98.90504097938538 seconds!
Finished  64 generation in  69.34324502944946 seconds!
Finished  65 generation in  98.90192079544067 seconds!
Finished  66 generation in  90.62497639656067 seconds!
Finished  67 generation in  85.1964180469513 seconds!
Finished  68 generation in  90.65972137451172 seconds!
Finished  69 generation in  90.73969769477844 seconds!
Finished  70 generation in  77.17617988586426 seconds!
Finished  71 generation in  76.93536567687988 seconds!
Finished  72 generation in  77.13186836242676 seconds!
Finished  73 generation in  77.16894507408142 seconds!
Finished  74 generation in  77.47558760643005 seconds!
Finished  75 generation in  77.62694382667542 seconds!
Finished  76 generation in  77.37506866455078 seconds!
Finished  77 generation in  77.41498184204102 seconds!
Finished  78 generation in  77.96686029434204 seconds!
Finished  79 generation in  77.96266031265259 seconds!
Finished  80 generation in  77.94715714454651 seconds!
Finished  81 generation in  77.95323514938354 seconds!
Finished  82 generation in  77.95931696891785 seconds!
Finished  83 generation in  77.93994092941284 seconds!
Finished  84 generation in  77.95510149002075 seconds!
Finished  85 generation in  77.9940574169159 seconds!
Finished  86 generation in  78.10459971427917 seconds!
Finished  87 generation in  78.10249614715576 seconds!
Finished  88 generation in  78.13293671607971 seconds!
Finished  89 generation in  97.47452354431152 seconds!
Finished  90 generation in  97.18279266357422 seconds!
Finished  91 generation in  97.25823044776917 seconds!
Finished  92 generation in  97.2447509765625 seconds!
Finished  93 generation in  97.27735805511475 seconds!
Finished  94 generation in  19.146509885787964 seconds!
Finished  95 generation in  96.22619867324829 seconds!
Finished  96 generation in  96.23318195343018 seconds!
Finished  97 generation in  96.25049757957458 seconds!
Finished  98 generation in  96.21647453308105 seconds!
Traceback (most recent call last):
  File "/gpfs/home1/nskor/Hardness-of-ATSP/hill_climbing/hill_climbing_implementation.py", line 21, in <module>
    hill_climbing_continue(n_cities, max_value, 200, mtx_list[i], run_time_list[i], performance_list[i], used_or_not_list[i], indices_list[i])
  File "/gpfs/home1/nskor/Hardness-of-ATSP/hill_climbing/hill_climbing.py", line 217, in hill_climbing_continue
    run_time_2 = get_minimal_route(mtx_2)[0]
  File "/gpfs/home1/nskor/Hardness-of-ATSP/hill_climbing/../littles_algorithm/algorithm.py", line 488, in get_minimal_route
    (zero_indices[0][1], zero_indices[1][1])]
IndexError: index 1 is out of bounds for axis 0 with size 1
srun: error: gcn23: task 0: Exited with exit code 1
srun: launch/slurm: _step_signal: Terminating StepId=3062644.0

JOB STATISTICS
==============
Job ID: 3062644
Cluster: snellius
User/Group: nskor/nskor
State: RUNNING
Nodes: 1
Cores per node: 18
CPU Utilized: 00:00:00
CPU Efficiency: 0.00% of 7-01:09:00 core-walltime
Job Wall-clock time: 09:23:50
Memory Utilized: 0.00 MB (estimated maximum)
Memory Efficiency: 0.00% of 27.34 GB (27.34 GB/node)
WARNING: Efficiency statistics may be misleading for RUNNING jobs.
