0
--- 14.070613622665405 seconds ---
1
--- 14.498759031295776 seconds ---
2
--- 14.500478029251099 seconds ---
3
--- 14.50119423866272 seconds ---
4
--- 14.502973318099976 seconds ---
5
--- 14.49969482421875 seconds ---
6
--- 14.504141330718994 seconds ---
7
--- 14.496429920196533 seconds ---
8
--- 14.498728275299072 seconds ---
9
--- 14.500983953475952 seconds ---
10
--- 14.497334241867065 seconds ---
11
--- 14.501514434814453 seconds ---
12
--- 14.500558376312256 seconds ---
13
--- 14.50244140625 seconds ---
14
--- 14.49729323387146 seconds ---
15
--- 14.50106954574585 seconds ---
16
--- 14.49982213973999 seconds ---
17
--- 14.499198913574219 seconds ---
18
--- 14.497727155685425 seconds ---
19
--- 14.499289751052856 seconds ---
20
--- 14.501162052154541 seconds ---
21
--- 14.499895572662354 seconds ---
22
--- 14.499465227127075 seconds ---
23
--- 14.499113082885742 seconds ---
24
--- 14.501070022583008 seconds ---
25
--- 14.498059034347534 seconds ---
26
--- 14.505707263946533 seconds ---
27
--- 14.503296852111816 seconds ---
28
--- 14.495794296264648 seconds ---
29
--- 14.499868869781494 seconds ---
0
--- 14.035720825195312 seconds ---
1
--- 14.500549077987671 seconds ---
2
--- 14.498995780944824 seconds ---
3
--- 14.498100519180298 seconds ---
4
--- 14.500646352767944 seconds ---
5
--- 14.504926204681396 seconds ---
6
--- 14.499777555465698 seconds ---
7
--- 14.500521421432495 seconds ---
8
--- 14.496776103973389 seconds ---
9
--- 14.501446008682251 seconds ---
10
--- 14.500383138656616 seconds ---
11
--- 14.499704122543335 seconds ---
12
--- 14.499326229095459 seconds ---
13
--- 14.500541925430298 seconds ---
14
--- 14.498029470443726 seconds ---
15
--- 14.501519680023193 seconds ---
16
--- 14.498629331588745 seconds ---
17
--- 14.50140380859375 seconds ---
18
--- 14.49662971496582 seconds ---
19
--- 14.500329971313477 seconds ---
20
--- 14.501150369644165 seconds ---
21
--- 14.500714302062988 seconds ---
22
--- 14.498142957687378 seconds ---
23
--- 14.5005042552948 seconds ---
24
--- 14.499341487884521 seconds ---
25
--- 14.500436067581177 seconds ---
26
--- 14.499539375305176 seconds ---
27
--- 14.50406813621521 seconds ---
28
--- 14.497732162475586 seconds ---
29
--- 14.500637769699097 seconds ---
0
--- 14.069642782211304 seconds ---
1
--- 14.498583793640137 seconds ---
2
--- 14.497095823287964 seconds ---
3
--- 14.502716779708862 seconds ---
4
--- 14.500889539718628 seconds ---
5
--- 14.500808238983154 seconds ---
6
--- 14.497397899627686 seconds ---
7
--- 14.50138545036316 seconds ---
8
--- 14.497890949249268 seconds ---
9
--- 14.504043579101562 seconds ---
10
--- 14.49930191040039 seconds ---
11
--- 14.50100588798523 seconds ---
12
--- 14.4987313747406 seconds ---
13
--- 14.49739146232605 seconds ---
14
--- 14.50364875793457 seconds ---
15
--- 14.497543334960938 seconds ---
16
--- 14.500293254852295 seconds ---
17
--- 14.504196166992188 seconds ---
18
--- 14.49933934211731 seconds ---
19
--- 14.4968581199646 seconds ---
20
--- 14.501024007797241 seconds ---
21
--- 14.496702671051025 seconds ---
22
--- 14.503660202026367 seconds ---
23
--- 14.502054214477539 seconds ---
24
--- 14.49599289894104 seconds ---
25
--- 14.500860452651978 seconds ---
26
--- 14.501123666763306 seconds ---
27
--- 14.4978609085083 seconds ---
28
--- 14.501573085784912 seconds ---
29
--- 14.498377084732056 seconds ---
0
--- 14.035205364227295 seconds ---
1
--- 14.502973556518555 seconds ---
2
--- 14.49634337425232 seconds ---
3
--- 14.499267816543579 seconds ---
4
--- 14.500258684158325 seconds ---
5
--- 14.500376224517822 seconds ---
6
--- 14.501077651977539 seconds ---
7
--- 14.498026132583618 seconds ---
8
--- 14.500778675079346 seconds ---
9
--- 14.499562978744507 seconds ---
10
--- 14.499916791915894 seconds ---
11
--- 14.498751401901245 seconds ---
12
--- 14.499879837036133 seconds ---
13
--- 14.502897262573242 seconds ---
14
--- 14.50001835823059 seconds ---
15
--- 14.49980354309082 seconds ---
16
--- 14.497974157333374 seconds ---
17
--- 14.504209041595459 seconds ---
18
--- 14.499284982681274 seconds ---
19
--- 14.49613070487976 seconds ---
20
--- 14.498874187469482 seconds ---
21
--- 14.501827478408813 seconds ---
22
--- 14.50097107887268 seconds ---
23
--- 14.497524738311768 seconds ---
24
--- 14.500216722488403 seconds ---
25
--- 14.501228332519531 seconds ---
26
--- 14.498172760009766 seconds ---
27
--- 14.501418352127075 seconds ---
28
--- 14.499273300170898 seconds ---
29
--- 14.503185033798218 seconds ---
srun: Job step aborted: Waiting up to 32 seconds for job step to finish.
slurmstepd: error: *** JOB 3190643 ON gcn32 CANCELLED AT 2023-07-31T02:04:42 DUE TO TIME LIMIT ***
slurmstepd: error: *** STEP 3190643.0 ON gcn32 CANCELLED AT 2023-07-31T02:04:42 DUE TO TIME LIMIT ***
slurmstepd: error: container_p_join: setns failed for /slurm/3190643/.ns: Invalid argument
slurmstepd: error: container_g_join(3190643): Invalid argument

JOB STATISTICS
==============
Job ID: 3190643
Cluster: snellius
User/Group: nskor/nskor
State: TIMEOUT (exit code 0)
Nodes: 1
Cores per node: 18
CPU Utilized: 02:30:30
CPU Efficiency: 4.64% of 2-06:01:12 core-walltime
Job Wall-clock time: 03:00:04
Memory Utilized: 1.91 GB
Memory Efficiency: 6.98% of 27.34 GB
